This file contains any messages produced by compilers while
running configure, to aid debugging if configure makes a mistake.

It was created by emacs-zmq configure 0.10.9, which was
generated by GNU Autoconf 2.71.  Invocation command line was

  $ ./configure CPPFLAGS= --host= --prefix=/Users/mromano/.basemacs/elpa/zmq-20220510.1820 --enable-shared=emacs-zmq --enable-static=zeromq --without-docs --enable-drafts=yes --enable-libunwind=no --disable-curve-keygen --disable-perf --disable-eventfd

## --------- ##
## Platform. ##
## --------- ##

hostname = RAD-73J4W1W-LT
uname -m = arm64
uname -r = 21.6.0
uname -s = Darwin
uname -v = Darwin Kernel Version 21.6.0: Thu Sep 29 20:13:56 PDT 2022; root:xnu-8020.240.7~1/RELEASE_ARM64_T6000

/usr/bin/uname -p = arm
/bin/uname -X     = unknown

/bin/arch              = unknown
/usr/bin/arch -k       = unknown
/usr/convex/getsysinfo = unknown
/usr/bin/hostinfo      = Mach kernel version:
	 Darwin Kernel Version 21.6.0: Thu Sep 29 20:13:56 PDT 2022; root:xnu-8020.240.7~1/RELEASE_ARM64_T6000
Kernel configured for up to 8 processors.
8 processors are physically available.
8 processors are logically available.
Processor type: arm64e (ARM64E)
Processors active: 0 1 2 3 4 5 6 7
Primary memory available: 32.00 gigabytes
Default processor set: 576 tasks, 3250 threads, 8 processors
Load average: 3.87, Mach factor: 4.12
/bin/machine           = unknown
/usr/bin/oslevel       = unknown
/bin/universe          = unknown

PATH: /opt/homebrew/bin/
PATH: /opt/homebrew/sbin/
PATH: /usr/local/bin/
PATH: /usr/bin/
PATH: /bin/
PATH: /usr/sbin/
PATH: /sbin/
PATH: /Library/TeX/texbin/
PATH: /usr/local/go/bin/
PATH: /opt/X11/bin/
PATH: /Library/Apple/usr/bin/
PATH: /Users/mromano/Library/Application Support/JetBrains/Toolbox/scripts/
PATH: /Applications/Emacs.app/Contents/MacOS/bin-arm64-11/
PATH: /Applications/Emacs.app/Contents/MacOS/libexec-arm64-11/


## ----------- ##
## Core tests. ##
## ----------- ##

configure:2380: looking for aux files: ltmain.sh config.guess config.sub ar-lib compile missing install-sh
configure:2393:  trying ./
configure:2422:   ./ltmain.sh found
configure:2422:   ./config.guess found
configure:2422:   ./config.sub found
configure:2422:   ./ar-lib found
configure:2422:   ./compile found
configure:2422:   ./missing found
configure:2404:   ./install-sh found
configure:2554: checking for a BSD-compatible install
configure:2627: result: /opt/homebrew/bin/ginstall -c
configure:2638: checking whether build environment is sane
configure:2693: result: yes
configure:2852: checking for a race-free mkdir -p
configure:2896: result: /opt/homebrew/bin/gmkdir -p
configure:2903: checking for gawk
configure:2938: result: no
configure:2903: checking for mawk
configure:2938: result: no
configure:2903: checking for nawk
configure:2938: result: no
configure:2903: checking for awk
configure:2924: found /usr/bin/awk
configure:2935: result: awk
configure:2946: checking whether make sets $(MAKE)
configure:2969: result: yes
configure:2999: checking whether make supports nested variables
configure:3017: result: yes
configure:3215: checking for gcc
configure:3236: found /usr/bin/gcc
configure:3247: result: gcc
configure:3600: checking for C compiler version
configure:3609: gcc --version >&5
Apple clang version 14.0.0 (clang-1400.0.29.202)
Target: arm64-apple-darwin21.6.0
Thread model: posix
InstalledDir: /Library/Developer/CommandLineTools/usr/bin
configure:3620: $? = 0
configure:3609: gcc -v >&5
Apple clang version 14.0.0 (clang-1400.0.29.202)
Target: arm64-apple-darwin21.6.0
Thread model: posix
InstalledDir: /Library/Developer/CommandLineTools/usr/bin
configure:3620: $? = 0
configure:3609: gcc -V >&5
clang: error: argument to '-V' is missing (expected 1 value)
clang: error: no input files
configure:3620: $? = 1
configure:3609: gcc -qversion >&5
clang: error: unknown argument '-qversion'; did you mean '--version'?
clang: error: no input files
configure:3620: $? = 1
configure:3609: gcc -version >&5
clang: error: unknown argument '-version'; did you mean '--version'?
clang: error: no input files
configure:3620: $? = 1
configure:3640: checking whether the C compiler works
configure:3662: gcc    conftest.c  >&5
configure:3666: $? = 0
configure:3716: result: yes
configure:3719: checking for C compiler default output file name
configure:3721: result: a.out
configure:3727: checking for suffix of executables
configure:3734: gcc -o conftest    conftest.c  >&5
configure:3738: $? = 0
configure:3761: result: 
configure:3783: checking whether we are cross compiling
configure:3791: gcc -o conftest    conftest.c  >&5
configure:3795: $? = 0
configure:3802: ./conftest
configure:3806: $? = 0
configure:3821: result: no
configure:3826: checking for suffix of object files
configure:3849: gcc -c   conftest.c >&5
configure:3853: $? = 0
configure:3875: result: o
configure:3879: checking whether the compiler supports GNU C
configure:3899: gcc -c   conftest.c >&5
configure:3899: $? = 0
configure:3909: result: yes
configure:3920: checking whether gcc accepts -g
configure:3941: gcc -c -g  conftest.c >&5
configure:3941: $? = 0
configure:3985: result: yes
configure:4005: checking for gcc option to enable C11 features
configure:4020: gcc  -c -g -O2  conftest.c >&5
configure:4020: $? = 0
configure:4038: result: none needed
configure:4154: checking whether gcc understands -c and -o together
configure:4177: gcc -c conftest.c -o conftest2.o
configure:4180: $? = 0
configure:4177: gcc -c conftest.c -o conftest2.o
configure:4180: $? = 0
configure:4192: result: yes
configure:4212: checking whether make supports the include directive
configure:4227: make -f confmf.GNU && cat confinc.out
this is the am__doit target
configure:4230: $? = 0
configure:4249: result: yes (GNU style)
configure:4275: checking dependency style of gcc
configure:4387: result: gcc3
configure:4458: checking for ar
configure:4479: found /usr/bin/ar
configure:4490: result: ar
configure:4516: checking the archiver (ar) interface
configure:4533: gcc -c -g -O2  conftest.c >&5
configure:4533: $? = 0
configure:4536: ar cru libconftest.a conftest.o >&5
configure:4539: $? = 0
configure:4567: result: ar
configure:4593: checking build system type
configure:4608: result: aarch64-apple-darwin21.6.0
configure:4628: checking host system type
configure:4642: result: aarch64-apple-darwin21.6.0
configure:4722: checking for pkg-config
configure:4745: found /opt/homebrew/bin/pkg-config
configure:4757: result: /opt/homebrew/bin/pkg-config
configure:4782: checking pkg-config is at least version 0.9.0
configure:4785: result: yes
configure:4795: checking for libzmq
configure:4802: $PKG_CONFIG --exists --print-errors "libzmq"
Package libzmq was not found in the pkg-config search path.
Perhaps you should add the directory containing `libzmq.pc'
to the PKG_CONFIG_PATH environment variable
No package 'libzmq' found
configure:4805: $? = 1
configure:4819: $PKG_CONFIG --exists --print-errors "libzmq"
Package libzmq was not found in the pkg-config search path.
Perhaps you should add the directory containing `libzmq.pc'
to the PKG_CONFIG_PATH environment variable
No package 'libzmq' found
configure:4822: $? = 1
configure:4836: result: no
No package 'libzmq' found
configure:4853: libzmq not found by pkg-config, building one locally
configure:5062: checking how to print strings
configure:5089: result: printf
configure:5110: checking for a sed that does not truncate output
configure:5180: result: /usr/bin/sed
configure:5198: checking for grep that handles long lines and -e
configure:5262: result: /usr/bin/grep
configure:5267: checking for egrep
configure:5335: result: /usr/bin/grep -E
configure:5340: checking for fgrep
configure:5408: result: /usr/bin/grep -F
configure:5444: checking for ld used by gcc
configure:5512: result: /Library/Developer/CommandLineTools/usr/bin/ld
configure:5519: checking if the linker (/Library/Developer/CommandLineTools/usr/bin/ld) is GNU ld
configure:5535: result: no
configure:5547: checking for BSD- or MS-compatible name lister (nm)
configure:5602: result: /usr/bin/nm -B
configure:5742: checking the name lister (/usr/bin/nm -B) interface
configure:5750: gcc -c -g -O2  conftest.c >&5
configure:5753: /usr/bin/nm -B "conftest.o"
configure:5756: output
0000000000000230 S _some_variable
0000000000000000 t ltmp0
0000000000000230 s ltmp1
configure:5763: result: BSD nm
configure:5766: checking whether ln -s works
configure:5770: result: yes
configure:5778: checking the maximum length of command line arguments
configure:5910: result: 786432
configure:5958: checking how to convert aarch64-apple-darwin21.6.0 file names to aarch64-apple-darwin21.6.0 format
configure:5999: result: func_convert_file_noop
configure:6006: checking how to convert aarch64-apple-darwin21.6.0 file names to toolchain format
configure:6027: result: func_convert_file_noop
configure:6034: checking for /Library/Developer/CommandLineTools/usr/bin/ld option to reload object files
configure:6042: result: -r
configure:6121: checking for file
configure:6142: found /usr/bin/file
configure:6153: result: file
configure:6229: checking for objdump
configure:6250: found /usr/bin/objdump
configure:6261: result: objdump
configure:6290: checking how to recognize dependent libraries
configure:6491: result: pass_all
configure:6581: checking for dlltool
configure:6616: result: no
configure:6643: checking how to associate runtime and link libraries
configure:6671: result: printf %s\n
configure:6821: checking for archiver @FILE support
configure:6839: gcc -c -g -O2  conftest.c >&5
configure:6839: $? = 0
configure:6843: ar cr libconftest.a @conftest.lst >&5
ar: @conftest.lst: No such file or directory
configure:6846: $? = 1
configure:6866: result: no
configure:6929: checking for strip
configure:6950: found /usr/bin/strip
configure:6961: result: strip
configure:7038: checking for ranlib
configure:7059: found /usr/bin/ranlib
configure:7070: result: ranlib
configure:7172: checking command to parse /usr/bin/nm -B output from gcc object
configure:7326: gcc -c -g -O2  conftest.c >&5
configure:7329: $? = 0
configure:7333: /usr/bin/nm -B conftest.o \| /usr/bin/sed -n -e 's/^.*[ ]\([ABCDGIRSTW][ABCDGIRSTW]*\)[ ][ ]*\([_A-Za-z][_A-Za-z0-9]*\)$/\1 \2 \2/p' | /usr/bin/sed '/ __gnu_lto/d' \> conftest.nm
configure:7336: $? = 0
cannot find nm_test_var in conftest.nm
configure:7326: gcc -c -g -O2  conftest.c >&5
configure:7329: $? = 0
configure:7333: /usr/bin/nm -B conftest.o \| /usr/bin/sed -n -e 's/^.*[ ]\([ABCDGIRSTW][ABCDGIRSTW]*\)[ ][ ]*_\([_A-Za-z][_A-Za-z0-9]*\)$/\1 _\2 \2/p' | /usr/bin/sed '/ __gnu_lto/d' \> conftest.nm
configure:7336: $? = 0
configure:7402: gcc -o conftest -g -O2   conftest.c conftstm.o >&5
warning: (arm64)  could not find object file symbol for symbol _main
configure:7405: $? = 0
configure:7443: result: ok
configure:7490: checking for sysroot
configure:7521: result: no
configure:7528: checking for a working dd
configure:7572: result: /bin/dd
configure:7576: checking how to truncate binary pipes
configure:7592: result: /bin/dd bs=4096 count=1
configure:7929: checking for mt
configure:7964: result: no
configure:7984: checking if : is a manifest tool
configure:7991: : '-?'
configure:7999: result: no
configure:8060: checking for dsymutil
configure:8081: found /usr/bin/dsymutil
configure:8092: result: dsymutil
configure:8162: checking for nmedit
configure:8183: found /usr/bin/nmedit
configure:8194: result: nmedit
configure:8264: checking for lipo
configure:8285: found /usr/bin/lipo
configure:8296: result: lipo
configure:8366: checking for otool
configure:8387: found /usr/bin/otool
configure:8398: result: otool
configure:8468: checking for otool64
configure:8503: result: no
configure:8548: checking for -single_module linker flag
gcc -g -O2  -o libconftest.dylib -dynamiclib -Wl,-single_module conftest.c
configure:8582: result: yes
configure:8585: checking for -exported_symbols_list linker flag
configure:8606: gcc -o conftest -g -O2   -Wl,-exported_symbols_list,conftest.sym conftest.c  >&5
configure:8606: $? = 0
configure:8617: result: yes
configure:8620: checking for -force_load linker flag
gcc -g -O2 -c -o conftest.o conftest.c
ar cr libconftest.a conftest.o
ranlib libconftest.a
gcc -g -O2  -o conftest conftest.c -Wl,-force_load,./libconftest.a
configure:8653: result: yes
configure:8724: checking for stdio.h
configure:8724: gcc -c -g -O2  conftest.c >&5
configure:8724: $? = 0
configure:8724: result: yes
configure:8724: checking for stdlib.h
configure:8724: gcc -c -g -O2  conftest.c >&5
configure:8724: $? = 0
configure:8724: result: yes
configure:8724: checking for string.h
configure:8724: gcc -c -g -O2  conftest.c >&5
configure:8724: $? = 0
configure:8724: result: yes
configure:8724: checking for inttypes.h
configure:8724: gcc -c -g -O2  conftest.c >&5
configure:8724: $? = 0
configure:8724: result: yes
configure:8724: checking for stdint.h
configure:8724: gcc -c -g -O2  conftest.c >&5
configure:8724: $? = 0
configure:8724: result: yes
configure:8724: checking for strings.h
configure:8724: gcc -c -g -O2  conftest.c >&5
configure:8724: $? = 0
configure:8724: result: yes
configure:8724: checking for sys/stat.h
configure:8724: gcc -c -g -O2  conftest.c >&5
configure:8724: $? = 0
configure:8724: result: yes
configure:8724: checking for sys/types.h
configure:8724: gcc -c -g -O2  conftest.c >&5
configure:8724: $? = 0
configure:8724: result: yes
configure:8724: checking for unistd.h
configure:8724: gcc -c -g -O2  conftest.c >&5
configure:8724: $? = 0
configure:8724: result: yes
configure:8749: checking for dlfcn.h
configure:8749: gcc -c -g -O2  conftest.c >&5
configure:8749: $? = 0
configure:8749: result: yes
configure:9334: checking for objdir
configure:9350: result: .libs
configure:9614: checking if gcc supports -fno-rtti -fno-exceptions
configure:9633: gcc -c -g -O2  -fno-rtti -fno-exceptions conftest.c >&5
configure:9637: $? = 0
configure:9650: result: yes
configure:10008: checking for gcc option to produce PIC
configure:10016: result: -fno-common -DPIC
configure:10024: checking if gcc PIC flag -fno-common -DPIC works
configure:10043: gcc -c -g -O2  -fno-common -DPIC -DPIC conftest.c >&5
configure:10047: $? = 0
configure:10060: result: yes
configure:10089: checking if gcc static flag -static works
configure:10118: result: no
configure:10133: checking if gcc supports -c -o file.o
configure:10155: gcc -c -g -O2  -o out/conftest2.o conftest.c >&5
configure:10159: $? = 0
configure:10181: result: yes
configure:10189: checking if gcc supports -c -o file.o
configure:10237: result: yes
configure:10270: checking whether the gcc linker (/Library/Developer/CommandLineTools/usr/bin/ld) supports shared libraries
configure:11538: result: yes
configure:11779: checking dynamic linker characteristics
configure:12600: result: darwin21.6.0 dyld
configure:12722: checking how to hardcode library paths into programs
configure:12747: result: immediate
configure:13299: checking whether stripping libraries is possible
configure:13316: result: yes
configure:13350: checking if libtool supports shared libraries
configure:13352: result: yes
configure:13355: checking whether to build shared libraries
configure:13380: result: yes
configure:13383: checking whether to build static libraries
configure:13387: result: no
configure:13571: checking that generated files are newer than configure
configure:13577: result: done
configure:13608: creating ./config.status

## ---------------------- ##
## Running config.status. ##
## ---------------------- ##

This file was extended by emacs-zmq config.status 0.10.9, which was
generated by GNU Autoconf 2.71.  Invocation command line was

  CONFIG_FILES    = 
  CONFIG_HEADERS  = 
  CONFIG_LINKS    = 
  CONFIG_COMMANDS = 
  $ ./config.status 

on RAD-73J4W1W-LT

config.status:1015: creating Makefile
config.status:1187: executing depfiles commands
config.status:1264: cd .       && sed -e '/# am--include-marker/d' Makefile         | make -f - am--depfiles
config.status:1269: $? = 0
config.status:1187: executing libtool commands
configure:15642: === configuring in libzmq (/Users/mromano/.basemacs/elpa/zmq-20220510.1820/src/libzmq)
configure:15703: running /bin/sh ./configure --disable-option-checking '--prefix=/Users/mromano/.basemacs/elpa/zmq-20220510.1820'  'CPPFLAGS=' '--host=' '--enable-shared=emacs-zmq' '--enable-static=zeromq' '--without-docs' '--enable-drafts=yes' '--enable-libunwind=no' '--disable-curve-keygen' '--disable-perf' '--disable-eventfd' 'host_alias=' --cache-file=/dev/null --srcdir=.

## ---------------- ##
## Cache variables. ##
## ---------------- ##

ac_cv_build=aarch64-apple-darwin21.6.0
ac_cv_c_compiler_gnu=yes
ac_cv_env_CC_set=
ac_cv_env_CC_value=
ac_cv_env_CFLAGS_set=
ac_cv_env_CFLAGS_value=
ac_cv_env_CPPFLAGS_set=set
ac_cv_env_CPPFLAGS_value=
ac_cv_env_LDFLAGS_set=
ac_cv_env_LDFLAGS_value=
ac_cv_env_LIBS_set=
ac_cv_env_LIBS_value=
ac_cv_env_LT_SYS_LIBRARY_PATH_set=
ac_cv_env_LT_SYS_LIBRARY_PATH_value=
ac_cv_env_PKG_CONFIG_LIBDIR_set=
ac_cv_env_PKG_CONFIG_LIBDIR_value=
ac_cv_env_PKG_CONFIG_PATH_set=
ac_cv_env_PKG_CONFIG_PATH_value=
ac_cv_env_PKG_CONFIG_set=
ac_cv_env_PKG_CONFIG_value=
ac_cv_env_ZMQ_CFLAGS_set=
ac_cv_env_ZMQ_CFLAGS_value=
ac_cv_env_ZMQ_LIBS_set=
ac_cv_env_ZMQ_LIBS_value=
ac_cv_env_build_alias_set=
ac_cv_env_build_alias_value=
ac_cv_env_host_alias_set=set
ac_cv_env_host_alias_value=
ac_cv_env_target_alias_set=
ac_cv_env_target_alias_value=
ac_cv_header_dlfcn_h=yes
ac_cv_header_inttypes_h=yes
ac_cv_header_stdint_h=yes
ac_cv_header_stdio_h=yes
ac_cv_header_stdlib_h=yes
ac_cv_header_string_h=yes
ac_cv_header_strings_h=yes
ac_cv_header_sys_stat_h=yes
ac_cv_header_sys_types_h=yes
ac_cv_header_unistd_h=yes
ac_cv_host=aarch64-apple-darwin21.6.0
ac_cv_objext=o
ac_cv_path_EGREP='/usr/bin/grep -E'
ac_cv_path_FGREP='/usr/bin/grep -F'
ac_cv_path_GREP=/usr/bin/grep
ac_cv_path_SED=/usr/bin/sed
ac_cv_path_ac_pt_PKG_CONFIG=/opt/homebrew/bin/pkg-config
ac_cv_path_install='/opt/homebrew/bin/ginstall -c'
ac_cv_path_lt_DD=/bin/dd
ac_cv_path_mkdir=/opt/homebrew/bin/gmkdir
ac_cv_prog_AWK=awk
ac_cv_prog_ac_ct_AR=ar
ac_cv_prog_ac_ct_CC=gcc
ac_cv_prog_ac_ct_DSYMUTIL=dsymutil
ac_cv_prog_ac_ct_FILECMD=file
ac_cv_prog_ac_ct_LIPO=lipo
ac_cv_prog_ac_ct_NMEDIT=nmedit
ac_cv_prog_ac_ct_OBJDUMP=objdump
ac_cv_prog_ac_ct_OTOOL=otool
ac_cv_prog_ac_ct_RANLIB=ranlib
ac_cv_prog_ac_ct_STRIP=strip
ac_cv_prog_cc_c11=
ac_cv_prog_cc_g=yes
ac_cv_prog_cc_stdc=
ac_cv_prog_make_make_set=yes
am_cv_CC_dependencies_compiler_type=gcc3
am_cv_ar_interface=ar
am_cv_make_support_nested_variables=yes
am_cv_prog_cc_c_o=yes
lt_cv_apple_cc_single_mod=yes
lt_cv_ar_at_file=no
lt_cv_deplibs_check_method=pass_all
lt_cv_file_magic_cmd='$MAGIC_CMD'
lt_cv_file_magic_test_file=
lt_cv_ld_exported_symbols_list=yes
lt_cv_ld_force_load=yes
lt_cv_ld_reload_flag=-r
lt_cv_nm_interface='BSD nm'
lt_cv_objdir=.libs
lt_cv_path_LD=/Library/Developer/CommandLineTools/usr/bin/ld
lt_cv_path_NM='/usr/bin/nm -B'
lt_cv_path_mainfest_tool=no
lt_cv_prog_compiler_c_o=yes
lt_cv_prog_compiler_pic='-fno-common -DPIC'
lt_cv_prog_compiler_pic_works=yes
lt_cv_prog_compiler_rtti_exceptions=yes
lt_cv_prog_compiler_static_works=no
lt_cv_prog_gnu_ld=no
lt_cv_sharedlib_from_linklib_cmd='printf %s\n'
lt_cv_sys_global_symbol_pipe='/usr/bin/sed -n -e '\''s/^.*[	 ]\([ABCDGIRSTW][ABCDGIRSTW]*\)[	 ][	 ]*_\([_A-Za-z][_A-Za-z0-9]*\)$/\1 _\2 \2/p'\'' | /usr/bin/sed '\''/ __gnu_lto/d'\'''
lt_cv_sys_global_symbol_to_c_name_address='/usr/bin/sed -n -e '\''s/^: \(.*\) .*$/  {"\1", (void *) 0},/p'\'' -e '\''s/^[ABCDGIRSTW][ABCDGIRSTW]* .* \(.*\)$/  {"\1", (void *) \&\1},/p'\'''
lt_cv_sys_global_symbol_to_c_name_address_lib_prefix='/usr/bin/sed -n -e '\''s/^: \(.*\) .*$/  {"\1", (void *) 0},/p'\'' -e '\''s/^[ABCDGIRSTW][ABCDGIRSTW]* .* \(lib.*\)$/  {"\1", (void *) \&\1},/p'\'' -e '\''s/^[ABCDGIRSTW][ABCDGIRSTW]* .* \(.*\)$/  {"lib\1", (void *) \&\1},/p'\'''
lt_cv_sys_global_symbol_to_cdecl='/usr/bin/sed -n -e '\''s/^T .* \(.*\)$/extern int \1();/p'\'' -e '\''s/^[ABCDGIRSTW][ABCDGIRSTW]* .* \(.*\)$/extern char \1;/p'\'''
lt_cv_sys_global_symbol_to_import=
lt_cv_sys_max_cmd_len=786432
lt_cv_to_host_file_cmd=func_convert_file_noop
lt_cv_to_tool_file_cmd=func_convert_file_noop
lt_cv_truncate_bin='/bin/dd bs=4096 count=1'

## ----------------- ##
## Output variables. ##
## ----------------- ##

ACLOCAL='${SHELL} '\''/Users/mromano/.basemacs/elpa/zmq-20220510.1820/src/missing'\'' aclocal-1.16'
AMDEPBACKSLASH='\'
AMDEP_FALSE='#'
AMDEP_TRUE=''
AMTAR='$${TAR-tar}'
AM_BACKSLASH='\'
AM_DEFAULT_V='$(AM_DEFAULT_VERBOSITY)'
AM_DEFAULT_VERBOSITY='1'
AM_V='$(V)'
AR='ar'
AS='as'
AUTOCONF='${SHELL} '\''/Users/mromano/.basemacs/elpa/zmq-20220510.1820/src/missing'\'' autoconf'
AUTOHEADER='${SHELL} '\''/Users/mromano/.basemacs/elpa/zmq-20220510.1820/src/missing'\'' autoheader'
AUTOMAKE='${SHELL} '\''/Users/mromano/.basemacs/elpa/zmq-20220510.1820/src/missing'\'' automake-1.16'
AWK='awk'
CC='gcc'
CCDEPMODE='depmode=gcc3'
CFLAGS='-g -O2'
CPPFLAGS=''
CSCOPE='cscope'
CTAGS='ctags'
CYGPATH_W='echo'
DEFS='-DPACKAGE_NAME=\"emacs-zmq\" -DPACKAGE_TARNAME=\"emacs-zmq\" -DPACKAGE_VERSION=\"0.10.9\" -DPACKAGE_STRING=\"emacs-zmq\ 0.10.9\" -DPACKAGE_BUGREPORT=\"nathanielnicandro@gmail.com\" -DPACKAGE_URL=\"\" -DPACKAGE=\"emacs-zmq\" -DVERSION=\"0.10.9\" -DHAVE_STDIO_H=1 -DHAVE_STDLIB_H=1 -DHAVE_STRING_H=1 -DHAVE_INTTYPES_H=1 -DHAVE_STDINT_H=1 -DHAVE_STRINGS_H=1 -DHAVE_SYS_STAT_H=1 -DHAVE_SYS_TYPES_H=1 -DHAVE_UNISTD_H=1 -DSTDC_HEADERS=1 -DHAVE_DLFCN_H=1 -DLT_OBJDIR=\".libs/\"'
DEPDIR='.deps'
DLLTOOL='false'
DSYMUTIL='dsymutil'
DUMPBIN=''
ECHO_C='\c'
ECHO_N=''
ECHO_T=''
EGREP='/usr/bin/grep -E'
ETAGS='etags'
EXEEXT=''
FGREP='/usr/bin/grep -F'
FILECMD='file'
GREP='/usr/bin/grep'
INSTALL_DATA='${INSTALL} -m 644'
INSTALL_PROGRAM='${INSTALL}'
INSTALL_SCRIPT='${INSTALL}'
INSTALL_STRIP_PROGRAM='$(install_sh) -c -s'
LD='/Library/Developer/CommandLineTools/usr/bin/ld'
LDFLAGS=''
LIBOBJS=''
LIBS=''
LIBTOOL='$(SHELL) $(top_builddir)/libtool'
LIPO='lipo'
LN_S='ln -s'
LTLIBOBJS=''
LT_SYS_LIBRARY_PATH=''
MAKEINFO='${SHELL} '\''/Users/mromano/.basemacs/elpa/zmq-20220510.1820/src/missing'\'' makeinfo'
MANIFEST_TOOL=':'
MAYBE_LIBZMQ='libzmq'
MKDIR_P='/opt/homebrew/bin/gmkdir -p'
NM='/usr/bin/nm -B'
NMEDIT='nmedit'
OBJDUMP='objdump'
OBJEXT='o'
OTOOL64=':'
OTOOL='otool'
PACKAGE='emacs-zmq'
PACKAGE_BUGREPORT='nathanielnicandro@gmail.com'
PACKAGE_NAME='emacs-zmq'
PACKAGE_STRING='emacs-zmq 0.10.9'
PACKAGE_TARNAME='emacs-zmq'
PACKAGE_URL=''
PACKAGE_VERSION='0.10.9'
PATH_SEPARATOR=':'
PKG_CONFIG='/opt/homebrew/bin/pkg-config'
PKG_CONFIG_LIBDIR=''
PKG_CONFIG_PATH=''
RANLIB='ranlib'
SED='/usr/bin/sed'
SET_MAKE=''
SHELL='/bin/sh'
STRIP='strip'
VERSION='0.10.9'
WINDOWS_FALSE=''
WINDOWS_TRUE='#'
ZMQ_BUILD_LOCALLY_FALSE='#'
ZMQ_BUILD_LOCALLY_TRUE=''
ZMQ_CFLAGS=''
ZMQ_LIBS=''
ac_ct_AR='ar'
ac_ct_CC='gcc'
ac_ct_DUMPBIN=''
am__EXEEXT_FALSE=''
am__EXEEXT_TRUE='#'
am__fastdepCC_FALSE='#'
am__fastdepCC_TRUE=''
am__include='include'
am__isrc=''
am__leading_dot='.'
am__nodep='_no'
am__quote=''
am__tar='$${TAR-tar} chof - "$$tardir"'
am__untar='$${TAR-tar} xf -'
bindir='${exec_prefix}/bin'
build='aarch64-apple-darwin21.6.0'
build_alias=''
build_cpu='aarch64'
build_os='darwin21.6.0'
build_vendor='apple'
datadir='${datarootdir}'
datarootdir='${prefix}/share'
docdir='${datarootdir}/doc/${PACKAGE_TARNAME}'
dvidir='${docdir}'
exec_prefix='${prefix}'
host='aarch64-apple-darwin21.6.0'
host_alias=''
host_cpu='aarch64'
host_os='darwin21.6.0'
host_vendor='apple'
htmldir='${docdir}'
includedir='${prefix}/include'
infodir='${datarootdir}/info'
install_sh='${SHELL} /Users/mromano/.basemacs/elpa/zmq-20220510.1820/src/install-sh'
libdir='${exec_prefix}/lib'
libexecdir='${exec_prefix}/libexec'
localedir='${datarootdir}/locale'
localstatedir='${prefix}/var'
mandir='${datarootdir}/man'
mkdir_p='$(MKDIR_P)'
oldincludedir='/usr/include'
pdfdir='${docdir}'
prefix='/Users/mromano/.basemacs/elpa/zmq-20220510.1820'
program_transform_name='s,x,x,'
psdir='${docdir}'
runstatedir='${localstatedir}/run'
sbindir='${exec_prefix}/sbin'
sharedstatedir='${prefix}/com'
subdirs=' libzmq'
sysconfdir='${prefix}/etc'
target_alias=''

## ----------- ##
## confdefs.h. ##
## ----------- ##

/* confdefs.h */
#define PACKAGE_NAME "emacs-zmq"
#define PACKAGE_TARNAME "emacs-zmq"
#define PACKAGE_VERSION "0.10.9"
#define PACKAGE_STRING "emacs-zmq 0.10.9"
#define PACKAGE_BUGREPORT "nathanielnicandro@gmail.com"
#define PACKAGE_URL ""
#define PACKAGE "emacs-zmq"
#define VERSION "0.10.9"
#define HAVE_STDIO_H 1
#define HAVE_STDLIB_H 1
#define HAVE_STRING_H 1
#define HAVE_INTTYPES_H 1
#define HAVE_STDINT_H 1
#define HAVE_STRINGS_H 1
#define HAVE_SYS_STAT_H 1
#define HAVE_SYS_TYPES_H 1
#define HAVE_UNISTD_H 1
#define STDC_HEADERS 1
#define HAVE_DLFCN_H 1
#define LT_OBJDIR ".libs/"

configure: exit 0
